test01.tig:
test02.tig:
test03.tig:
test04.tig:
test05.tig:
test06.tig:
test07.tig:
test08.tig:
test09.tig:
test10.tig:
test11.tig:
test12.tig:
../testcases/merge.tig:
../testcases/queens.tig:
../testcases/test01.tig:
../testcases/test02.tig:
../testcases/test03.tig:
../testcases/test04.tig:
../testcases/test05.tig:
../testcases/test06.tig:
../testcases/test07.tig:
../testcases/test08.tig:
../testcases/test09.tig:
../testcases/test10.tig:
../testcases/test11.tig:
../testcases/test12.tig:
../testcases/test13.tig:
../testcases/test14.tig:
../testcases/test15.tig:
../testcases/test16.tig:
../testcases/test17.tig:
../testcases/test18.tig:
../testcases/test19.tig:
../testcases/test20.tig:
../testcases/test21.tig:
../testcases/test22.tig:
../testcases/test23.tig:
../testcases/test24.tig:
../testcases/test25.tig:
../testcases/test26.tig:
../testcases/test27.tig:
../testcases/test28.tig:
../testcases/test29.tig:
../testcases/test30.tig:
../testcases/test31.tig:
../testcases/test32.tig:
../testcases/test33.tig:
../testcases/test34.tig:
../testcases/test35.tig:
../testcases/test36.tig:
../testcases/test37.tig:
../testcases/test38.tig:
../testcases/test39.tig:
../testcases/test40.tig:
../testcases/test41.tig:
../testcases/test42.tig:
../testcases/test43.tig:
../testcases/test44.tig:
../testcases/test45.tig:
../testcases/test46.tig:
../testcases/test47.tig:
../testcases/test48.tig:
../testcases/test49.tig:
../testcases/test49.tig:5.18:syntax error: inserting  PLUS
